TN:
SF:src\App.jsx
FN:4,App
FNF:1
FNH:0
FNDA:0,App
DA:5,0
LF:1
LH:0
BRF:0
BRH:0
end_of_record
TN:
SF:src\components\AdminRoute.jsx
FN:4,AdminRoute
FNF:1
FNH:1
FNDA:4,AdminRoute
DA:5,4
DA:6,4
DA:7,3
DA:8,2
DA:9,1
LF:5
LH:5
BRDA:6,0,0,1
BRDA:6,0,1,3
BRDA:7,1,0,1
BRDA:7,1,1,2
BRDA:8,2,0,1
BRDA:8,2,1,1
BRF:6
BRH:6
end_of_record
TN:
SF:src\components\Card.jsx
FN:17,Card
FN:28,(anonymous_1)
FN:85,(anonymous_2)
FNF:3
FNH:1
FNDA:4,Card
FNDA:0,(anonymous_1)
FNDA:0,(anonymous_2)
DA:5,1
DA:11,1
DA:18,4
DA:20,4
DA:21,4
DA:23,4
DA:28,0
DA:85,0
LF:8
LH:6
BRDA:20,0,0,4
BRDA:20,1,0,4
BRDA:20,2,0,4
BRDA:20,2,1,0
BRDA:33,3,0,1
BRDA:33,3,1,3
BRDA:45,4,0,4
BRDA:45,4,1,4
BRDA:45,4,2,0
BRDA:58,5,0,4
BRDA:58,5,1,4
BRDA:63,6,0,4
BRDA:63,6,1,0
BRDA:68,7,0,1
BRDA:68,7,1,3
BRF:15
BRH:12
end_of_record
TN:
SF:src\components\Footer.jsx
FN:14,Footer
FN:18,(anonymous_1)
FN:40,(anonymous_2)
FN:84,(anonymous_3)
FNF:4
FNH:4
FNDA:17,Footer
FNDA:1,(anonymous_1)
FNDA:68,(anonymous_2)
FNDA:13,(anonymous_3)
DA:7,1
DA:15,17
DA:16,17
DA:18,17
DA:19,1
DA:20,1
DA:21,1
DA:22,1
DA:27,1
DA:28,1
DA:30,0
DA:34,17
DA:40,68
DA:84,13
LF:14
LH:13
BRDA:20,0,0,0
BRDA:20,0,1,1
BRDA:77,1,0,1
BRDA:77,1,1,16
BRF:4
BRH:3
end_of_record
TN:
SF:src\components\Logo.jsx
FN:3,Logo
FNF:1
FNH:1
FNDA:404,Logo
DA:1,3
DA:4,404
LF:2
LH:2
BRDA:3,0,0,404
BRF:1
BRH:1
end_of_record
TN:
SF:src\components\Navbar.jsx
FN:14,Navbar
FN:18,(anonymous_1)
FNF:2
FNH:1
FNDA:3,Navbar
FNDA:0,(anonymous_1)
DA:15,3
DA:16,3
DA:18,3
DA:19,0
DA:20,0
DA:23,3
LF:6
LH:4
BRDA:41,0,0,2
BRDA:41,0,1,1
BRDA:65,1,0,2
BRDA:65,1,1,0
BRDA:92,2,0,2
BRDA:92,2,1,0
BRF:6
BRH:4
end_of_record
TN:
SF:src\components\ProtectedRoute.jsx
FN:4,ProtectedRoute
FNF:1
FNH:1
FNDA:3,ProtectedRoute
DA:5,3
DA:6,3
DA:7,2
DA:8,1
LF:4
LH:4
BRDA:6,0,0,1
BRDA:6,0,1,2
BRDA:7,1,0,1
BRDA:7,1,1,1
BRF:4
BRH:4
end_of_record
TN:
SF:src\context\AuthContext.jsx
FN:6,AuthProvider
FN:10,(anonymous_1)
FN:16,(anonymous_2)
FN:21,(anonymous_3)
FN:31,(anonymous_4)
FN:41,(anonymous_5)
FN:48,(anonymous_6)
FN:61,useAuth
FN:67,parseJwt
FNF:9
FNH:7
FNDA:10,AuthProvider
FNDA:4,(anonymous_1)
FNDA:1,(anonymous_2)
FNDA:1,(anonymous_3)
FNDA:0,(anonymous_4)
FNDA:0,(anonymous_5)
FNDA:1,(anonymous_6)
FNDA:13,useAuth
FNDA:1,parseJwt
DA:4,1
DA:7,10
DA:8,10
DA:10,10
DA:11,4
DA:12,4
DA:13,4
DA:16,10
DA:17,1
DA:18,1
DA:21,10
DA:22,1
DA:23,1
DA:24,1
DA:25,1
DA:26,1
DA:27,1
DA:28,1
DA:31,10
DA:32,0
DA:33,0
DA:34,0
DA:35,0
DA:36,0
DA:37,0
DA:38,0
DA:41,10
DA:42,0
DA:43,0
DA:44,0
DA:45,0
DA:48,10
DA:49,1
DA:50,1
DA:51,1
DA:54,10
DA:62,13
DA:63,13
DA:64,10
DA:68,1
DA:69,1
LF:41
LH:30
BRDA:12,0,0,2
BRDA:12,0,1,2
BRDA:42,1,0,0
BRDA:42,1,1,0
BRDA:63,2,0,2
BRDA:63,2,1,11
BRF:6
BRH:4
end_of_record
TN:
SF:src\features\auth\ForgotPassword.jsx
FN:9,ForgotPassword
FN:15,(anonymous_1)
FN:69,(anonymous_2)
FNF:3
FNH:3
FNDA:65,ForgotPassword
FNDA:4,(anonymous_1)
FNDA:52,(anonymous_2)
DA:10,65
DA:11,65
DA:12,65
DA:13,65
DA:15,65
DA:16,4
DA:17,4
DA:18,4
DA:19,4
DA:20,4
DA:21,2
DA:23,1
DA:25,3
DA:29,65
DA:69,52
LF:15
LH:15
BRDA:42,0,0,2
BRDA:42,0,1,63
BRDA:76,1,0,63
BRDA:76,1,1,1
BRDA:87,2,0,4
BRDA:87,2,1,59
BRF:6
BRH:6
end_of_record
TN:
SF:src\features\auth\Landing.jsx
FN:4,Landing
FNF:1
FNH:1
FNDA:3,Landing
DA:5,3
LF:1
LH:1
BRF:0
BRH:0
end_of_record
TN:
SF:src\features\auth\Login.jsx
FN:9,Login
FN:18,(anonymous_1)
FN:53,(anonymous_2)
FN:67,(anonymous_3)
FNF:4
FNH:4
FNDA:100,Login
FNDA:4,(anonymous_1)
FNDA:51,(anonymous_2)
FNDA:34,(anonymous_3)
DA:10,100
DA:11,100
DA:12,100
DA:13,100
DA:15,100
DA:16,100
DA:18,100
DA:19,4
DA:20,4
DA:21,4
DA:22,4
DA:23,4
DA:24,2
DA:26,2
DA:28,4
DA:32,100
DA:53,51
DA:67,34
LF:18
LH:18
BRDA:26,0,0,2
BRDA:26,0,1,1
BRDA:74,1,0,100
BRDA:74,1,1,2
BRDA:85,2,0,4
BRDA:85,2,1,96
BRF:6
BRH:6
end_of_record
TN:
SF:src\features\auth\Register.jsx
FN:9,Register
FN:18,(anonymous_1)
FN:88,(anonymous_2)
FN:102,(anonymous_3)
FN:116,(anonymous_4)
FN:130,(anonymous_5)
FNF:6
FNH:6
FNDA:239,Register
FNDA:6,(anonymous_1)
FNDA:42,(anonymous_2)
FNDA:81,(anonymous_3)
FNDA:50,(anonymous_4)
FNDA:48,(anonymous_5)
DA:10,239
DA:11,239
DA:12,239
DA:13,239
DA:14,239
DA:15,239
DA:16,239
DA:18,239
DA:19,6
DA:20,6
DA:22,6
DA:23,1
DA:24,1
DA:26,5
DA:27,2
DA:28,2
DA:31,3
DA:32,3
DA:33,3
DA:34,2
DA:36,1
DA:38,3
DA:42,239
DA:43,2
DA:67,237
DA:88,42
DA:102,81
DA:116,50
DA:130,48
LF:29
LH:29
BRDA:22,0,0,1
BRDA:22,0,1,5
BRDA:26,1,0,2
BRDA:26,1,1,3
BRDA:36,2,0,1
BRDA:36,2,1,0
BRDA:42,3,0,2
BRDA:42,3,1,237
BRDA:137,4,0,237
BRDA:137,4,1,4
BRDA:148,5,0,3
BRDA:148,5,1,234
BRF:12
BRH:11
end_of_record
TN:
SF:src\features\auth\ResetPassword.jsx
FN:9,ResetPassword
FN:20,(anonymous_1)
FN:32,(anonymous_2)
FN:78,(anonymous_3)
FN:92,(anonymous_4)
FNF:5
FNH:4
FNDA:85,ResetPassword
FNDA:5,(anonymous_1)
FNDA:0,(anonymous_2)
FNDA:36,(anonymous_3)
FNDA:36,(anonymous_4)
DA:10,85
DA:11,85
DA:12,85
DA:14,85
DA:15,85
DA:16,85
DA:17,85
DA:18,85
DA:20,85
DA:21,5
DA:22,5
DA:24,5
DA:25,4
DA:26,3
DA:28,2
DA:29,2
DA:30,2
DA:31,1
DA:32,1
DA:34,1
DA:36,2
DA:40,85
DA:41,1
DA:57,84
DA:78,36
DA:92,36
LF:26
LH:26
BRDA:11,0,0,85
BRDA:11,0,1,18
BRDA:24,1,0,1
BRDA:24,1,1,4
BRDA:25,2,0,1
BRDA:25,2,1,3
BRDA:26,3,0,1
BRDA:26,3,1,2
BRDA:34,4,0,1
BRDA:34,4,1,0
BRDA:40,5,0,1
BRDA:40,5,1,84
BRDA:99,6,0,84
BRDA:99,6,1,4
BRDA:110,7,0,2
BRDA:110,7,1,82
BRF:16
BRH:15
end_of_record
TN:
SF:src\features\auth\VerifyEmail.jsx
FN:7,VerifyEmail
FN:16,(anonymous_1)
FN:25,verify
FN:38,(anonymous_3)
FN:48,(anonymous_4)
FNF:5
FNH:4
FNDA:7,VerifyEmail
FNDA:4,(anonymous_1)
FNDA:3,verify
FNDA:0,(anonymous_3)
FNDA:3,(anonymous_4)
DA:8,7
DA:9,7
DA:10,7
DA:11,7
DA:13,7
DA:14,7
DA:16,7
DA:17,4
DA:18,1
DA:19,1
DA:20,1
DA:23,3
DA:26,3
DA:27,3
DA:28,1
DA:30,1
DA:31,1
DA:32,1
DA:33,1
DA:34,1
DA:35,1
DA:37,1
DA:38,1
DA:40,1
DA:41,1
DA:42,1
DA:47,3
DA:48,3
DA:51,7
LF:29
LH:29
BRDA:9,0,0,7
BRDA:9,0,1,2
BRDA:17,1,0,1
BRDA:17,1,1,3
BRDA:28,2,0,0
BRDA:28,2,1,1
BRDA:40,3,0,1
BRDA:40,3,1,0
BRDA:42,4,0,1
BRDA:42,4,1,0
BRDA:59,5,0,7
BRDA:59,5,1,4
BRDA:63,6,0,7
BRDA:63,6,1,1
BRDA:70,7,0,7
BRDA:70,7,1,2
BRF:16
BRH:13
end_of_record
TN:
SF:src\layouts\MainLayout.jsx
FN:5,MainLayout
FNF:1
FNH:1
FNDA:1,MainLayout
DA:6,1
LF:1
LH:1
BRF:0
BRH:0
end_of_record
TN:
SF:src\pages\AdminPanel.jsx
FN:8,AdminPanel
FN:14,(anonymous_1)
FN:15,(anonymous_2)
FN:17,loadUsers
FN:22,loadPosts
FN:27,handleDeleteUser
FN:40,(anonymous_6)
FN:40,(anonymous_7)
FN:44,handleSaveUser
FN:46,(anonymous_9)
FN:46,(anonymous_10)
FN:50,handleDeletePost
FN:63,(anonymous_12)
FN:63,(anonymous_13)
FN:67,handleSavePost
FN:69,(anonymous_15)
FN:69,(anonymous_16)
FN:104,(anonymous_17)
FN:110,(anonymous_18)
FN:118,(anonymous_19)
FN:129,(anonymous_20)
FN:137,(anonymous_21)
FN:138,(anonymous_22)
FN:142,(anonymous_23)
FN:143,(anonymous_24)
FN:170,(anonymous_25)
FN:176,(anonymous_26)
FN:184,(anonymous_27)
FN:196,(anonymous_28)
FN:209,(anonymous_29)
FN:210,(anonymous_30)
FN:214,(anonymous_31)
FN:215,(anonymous_32)
FNF:33
FNH:7
FNDA:8,AdminPanel
FNDA:4,(anonymous_1)
FNDA:4,(anonymous_2)
FNDA:4,loadUsers
FNDA:4,loadPosts
FNDA:0,handleDeleteUser
FNDA:0,(anonymous_6)
FNDA:0,(anonymous_7)
FNDA:0,handleSaveUser
FNDA:0,(anonymous_9)
FNDA:0,(anonymous_10)
FNDA:0,handleDeletePost
FNDA:0,(anonymous_12)
FNDA:0,(anonymous_13)
FNDA:0,handleSavePost
FNDA:0,(anonymous_15)
FNDA:0,(anonymous_16)
FNDA:2,(anonymous_17)
FNDA:0,(anonymous_18)
FNDA:0,(anonymous_19)
FNDA:0,(anonymous_20)
FNDA:0,(anonymous_21)
FNDA:0,(anonymous_22)
FNDA:0,(anonymous_23)
FNDA:0,(anonymous_24)
FNDA:1,(anonymous_25)
FNDA:0,(anonymous_26)
FNDA:0,(anonymous_27)
FNDA:0,(anonymous_28)
FNDA:0,(anonymous_29)
FNDA:0,(anonymous_30)
FNDA:0,(anonymous_31)
FNDA:0,(anonymous_32)
DA:9,8
DA:10,8
DA:11,8
DA:12,8
DA:14,8
DA:15,8
DA:18,4
DA:19,4
DA:23,4
DA:24,4
DA:28,0
DA:38,0
DA:39,0
DA:40,0
DA:41,0
DA:45,0
DA:46,0
DA:47,0
DA:51,0
DA:61,0
DA:62,0
DA:63,0
DA:64,0
DA:68,0
DA:69,0
DA:70,0
DA:73,8
DA:105,2
DA:106,2
DA:110,0
DA:118,0
DA:129,0
DA:137,0
DA:138,0
DA:142,0
DA:143,0
DA:171,1
DA:172,1
DA:176,0
DA:184,0
DA:196,0
DA:209,0
DA:210,0
DA:214,0
DA:215,0
LF:45
LH:15
BRDA:38,0,0,0
BRDA:38,0,1,0
BRDA:46,1,0,0
BRDA:46,1,1,0
BRDA:61,2,0,0
BRDA:61,2,1,0
BRDA:69,3,0,0
BRDA:69,3,1,0
BRDA:105,4,0,2
BRDA:105,4,1,0
BRDA:109,5,0,0
BRDA:109,5,1,2
BRDA:116,6,0,0
BRDA:116,6,1,2
BRDA:128,7,0,0
BRDA:128,7,1,2
BRDA:135,8,0,0
BRDA:135,8,1,2
BRDA:171,9,0,1
BRDA:171,9,1,0
BRDA:175,10,0,0
BRDA:175,10,1,1
BRDA:182,11,0,0
BRDA:182,11,1,1
BRDA:194,12,0,0
BRDA:194,12,1,1
BRDA:207,13,0,0
BRDA:207,13,1,1
BRF:28
BRH:10
end_of_record
TN:
SF:src\pages\Chat.jsx
FN:8,saveConversation
FN:11,(anonymous_1)
FN:16,Chat
FN:28,(anonymous_3)
FN:32,(anonymous_4)
FN:33,(anonymous_5)
FN:33,(anonymous_6)
FN:37,(anonymous_7)
FN:38,init
FN:49,(anonymous_9)
FN:52,(anonymous_10)
FN:56,(anonymous_11)
FN:62,(anonymous_12)
FN:109,(anonymous_13)
FN:133,(anonymous_14)
FNF:15
FNH:9
FNDA:4,saveConversation
FNDA:0,(anonymous_1)
FNDA:9,Chat
FNDA:5,(anonymous_3)
FNDA:1,(anonymous_4)
FNDA:0,(anonymous_5)
FNDA:0,(anonymous_6)
FNDA:5,(anonymous_7)
FNDA:5,init
FNDA:5,(anonymous_9)
FNDA:9,(anonymous_10)
FNDA:0,(anonymous_11)
FNDA:0,(anonymous_12)
FNDA:1,(anonymous_13)
FNDA:0,(anonymous_14)
DA:9,4
DA:10,4
DA:11,4
DA:12,4
DA:17,9
DA:18,9
DA:20,9
DA:21,9
DA:22,9
DA:23,9
DA:24,9
DA:25,9
DA:26,9
DA:28,9
DA:29,5
DA:30,5
DA:31,4
DA:32,4
DA:33,0
DA:37,9
DA:39,5
DA:40,5
DA:41,4
DA:42,4
DA:44,4
DA:46,5
DA:48,5
DA:49,5
DA:52,9
DA:53,9
DA:56,9
DA:57,0
DA:58,0
DA:59,0
DA:60,0
DA:61,0
DA:62,0
DA:63,0
DA:65,0
DA:68,9
DA:69,5
DA:76,4
DA:110,1
DA:111,1
DA:133,0
LF:45
LH:35
BRDA:10,0,0,4
BRDA:10,0,1,4
BRDA:32,1,0,1
BRDA:32,1,1,0
BRDA:58,2,0,0
BRDA:58,2,1,0
BRDA:68,3,0,5
BRDA:68,3,1,4
BRDA:85,4,0,9
BRDA:85,4,1,0
BRDA:89,5,0,9
BRDA:89,5,1,0
BRDA:93,6,0,9
BRDA:93,6,1,4
BRDA:104,7,0,3
BRDA:104,7,1,1
BRDA:112,8,0,1
BRDA:112,8,1,0
BRDA:114,9,0,1
BRDA:114,9,1,0
BRDA:119,10,0,1
BRDA:119,10,1,0
BRDA:139,11,0,9
BRDA:139,11,1,4
BRF:24
BRH:16
end_of_record
TN:
SF:src\pages\CreatePost.jsx
FN:15,CreatePost
FN:31,(anonymous_1)
FN:32,loadOptions
FN:44,(anonymous_3)
FN:51,(anonymous_4)
FN:57,(anonymous_5)
FN:58,(anonymous_6)
FN:59,(anonymous_7)
FN:63,(anonymous_8)
FN:79,(anonymous_9)
FN:105,(anonymous_10)
FN:109,(anonymous_11)
FN:126,(anonymous_12)
FN:137,(anonymous_13)
FN:141,(anonymous_14)
FN:151,(anonymous_15)
FN:163,(anonymous_16)
FN:167,(anonymous_17)
FN:197,(anonymous_18)
FN:229,(anonymous_19)
FNF:20
FNH:9
FNDA:35,CreatePost
FNDA:5,(anonymous_1)
FNDA:5,loadOptions
FNDA:0,(anonymous_3)
FNDA:0,(anonymous_4)
FNDA:0,(anonymous_5)
FNDA:0,(anonymous_6)
FNDA:0,(anonymous_7)
FNDA:1,(anonymous_8)
FNDA:0,(anonymous_9)
FNDA:105,(anonymous_10)
FNDA:0,(anonymous_11)
FNDA:9,(anonymous_12)
FNDA:0,(anonymous_13)
FNDA:29,(anonymous_14)
FNDA:15,(anonymous_15)
FNDA:29,(anonymous_16)
FNDA:0,(anonymous_17)
FNDA:0,(anonymous_18)
FNDA:0,(anonymous_19)
DA:9,1
DA:16,35
DA:18,35
DA:19,35
DA:20,35
DA:21,35
DA:22,35
DA:23,35
DA:24,35
DA:25,35
DA:26,35
DA:27,35
DA:28,35
DA:29,35
DA:31,35
DA:33,5
DA:34,5
DA:35,4
DA:36,4
DA:38,1
DA:41,5
DA:44,35
DA:45,0
DA:46,0
DA:47,0
DA:48,0
DA:51,35
DA:52,0
DA:53,0
DA:54,0
DA:57,35
DA:58,0
DA:59,0
DA:63,35
DA:64,1
DA:65,1
DA:67,1
DA:68,1
DA:69,1
DA:72,0
DA:73,0
DA:74,0
DA:75,0
DA:76,0
DA:77,0
DA:78,0
DA:79,0
DA:80,0
DA:82,0
DA:83,0
DA:85,0
DA:87,0
DA:91,35
DA:105,105
DA:109,0
DA:126,9
DA:137,0
DA:141,29
DA:151,15
DA:163,29
DA:167,0
DA:197,0
DA:229,0
LF:63
LH:36
BRDA:46,0,0,0
BRDA:46,0,1,0
BRDA:54,1,0,0
BRDA:54,1,1,0
BRDA:59,2,0,0
BRDA:59,2,1,0
BRDA:67,3,0,1
BRDA:67,3,1,0
BRDA:80,4,0,0
BRDA:80,4,1,0
BRDA:85,5,0,0
BRDA:85,5,1,0
BRDA:111,6,0,35
BRDA:111,6,1,70
BRDA:159,7,0,35
BRDA:159,7,1,29
BRDA:169,8,0,0
BRDA:169,8,1,29
BRDA:183,9,0,0
BRDA:183,9,1,35
BRDA:213,10,0,35
BRDA:213,10,1,2
BRDA:225,11,0,0
BRDA:225,11,1,35
BRF:24
BRH:10
end_of_record
TN:
SF:src\pages\DetailCard.jsx
FN:20,DetailCard
FN:38,(anonymous_1)
FN:40,load
FN:51,(anonymous_3)
FN:54,(anonymous_4)
FN:71,(anonymous_5)
FN:75,(anonymous_6)
FN:94,(anonymous_7)
FN:149,(anonymous_8)
FN:179,(anonymous_9)
FN:183,(anonymous_10)
FN:213,(anonymous_11)
FN:222,(anonymous_12)
FN:233,(anonymous_13)
FN:252,(anonymous_14)
FNF:15
FNH:6
FNDA:14,DetailCard
FNDA:7,(anonymous_1)
FNDA:7,load
FNDA:7,(anonymous_3)
FNDA:0,(anonymous_4)
FNDA:0,(anonymous_5)
FNDA:0,(anonymous_6)
FNDA:0,(anonymous_7)
FNDA:0,(anonymous_8)
FNDA:3,(anonymous_9)
FNDA:0,(anonymous_10)
FNDA:1,(anonymous_11)
FNDA:0,(anonymous_12)
FNDA:0,(anonymous_13)
FNDA:0,(anonymous_14)
DA:8,1
DA:14,1
DA:21,14
DA:22,14
DA:23,14
DA:25,14
DA:26,14
DA:27,14
DA:29,14
DA:30,14
DA:31,14
DA:32,14
DA:33,14
DA:34,14
DA:36,14
DA:38,14
DA:39,7
DA:41,7
DA:42,7
DA:43,5
DA:45,1
DA:47,6
DA:50,7
DA:51,7
DA:54,14
DA:55,0
DA:56,0
DA:57,0
DA:58,0
DA:59,0
DA:60,0
DA:61,0
DA:62,0
DA:63,0
DA:65,0
DA:67,0
DA:71,14
DA:72,0
DA:73,0
DA:74,0
DA:75,0
DA:77,0
DA:81,14
DA:82,7
DA:89,7
DA:90,1
DA:94,0
DA:103,6
DA:104,6
DA:105,14
DA:107,14
DA:149,0
DA:179,3
DA:183,0
DA:213,1
DA:222,0
DA:233,0
DA:252,0
LF:58
LH:36
BRDA:43,0,0,5
BRDA:43,0,1,0
BRDA:45,1,0,1
BRDA:45,1,1,0
BRDA:47,2,0,6
BRDA:47,2,1,0
BRDA:60,3,0,0
BRDA:60,3,1,0
BRDA:60,4,0,0
BRDA:60,4,1,0
BRDA:65,5,0,0
BRDA:65,5,1,0
BRDA:81,6,0,7
BRDA:81,6,1,7
BRDA:89,7,0,1
BRDA:89,7,1,6
BRDA:89,8,0,7
BRDA:89,8,1,6
BRDA:92,9,0,1
BRDA:92,9,1,0
BRDA:103,10,0,6
BRDA:121,11,0,0
BRDA:121,11,1,6
BRDA:128,12,0,14
BRDA:128,12,1,6
BRDA:130,13,0,6
BRDA:130,13,1,0
BRDA:141,14,0,14
BRDA:141,14,1,6
BRDA:147,15,0,14
BRDA:147,15,1,0
BRDA:160,16,0,14
BRDA:160,16,1,6
BRDA:166,17,0,14
BRDA:166,17,1,6
BRDA:175,18,0,14
BRDA:175,18,1,1
BRDA:182,19,0,3
BRDA:182,19,1,2
BRDA:185,20,0,1
BRDA:185,20,1,2
BRDA:197,21,0,14
BRDA:197,21,1,0
BRDA:203,22,0,14
BRDA:203,22,1,5
BRDA:203,22,2,5
BRDA:203,22,3,5
BRDA:204,23,0,0
BRDA:204,23,1,5
BRDA:211,24,0,4
BRDA:211,24,1,1
BRDA:227,25,0,1
BRDA:227,25,1,0
BRDA:239,26,0,1
BRDA:239,26,1,0
BRDA:248,27,0,0
BRDA:248,27,1,1
BRDA:262,28,0,14
BRDA:262,28,1,5
BRDA:262,28,2,5
BRDA:262,28,3,0
BRDA:269,29,0,14
BRDA:269,29,1,6
BRDA:275,30,0,6
BRDA:275,30,1,0
BRF:65
BRH:45
end_of_record
TN:
SF:src\pages\Feed.jsx
FN:16,Feed
FN:25,(anonymous_1)
FN:28,load
FN:43,(anonymous_3)
FN:48,(anonymous_4)
FN:51,(anonymous_5)
FN:56,(anonymous_6)
FN:59,(anonymous_7)
FN:84,(anonymous_8)
FN:92,(anonymous_9)
FN:95,(anonymous_10)
FN:128,(anonymous_11)
FN:141,(anonymous_12)
FN:141,(anonymous_13)
FN:149,(anonymous_14)
FN:149,(anonymous_15)
FNF:16
FNH:14
FNDA:52,Feed
FNDA:14,(anonymous_1)
FNDA:14,load
FNDA:12,(anonymous_3)
FNDA:14,(anonymous_4)
FNDA:1,(anonymous_5)
FNDA:33,(anonymous_6)
FNDA:24,(anonymous_7)
FNDA:12,(anonymous_8)
FNDA:208,(anonymous_9)
FNDA:1,(anonymous_10)
FNDA:80,(anonymous_11)
FNDA:0,(anonymous_12)
FNDA:0,(anonymous_13)
FNDA:1,(anonymous_14)
FNDA:1,(anonymous_15)
DA:7,1
DA:14,1
DA:17,52
DA:18,52
DA:19,52
DA:20,52
DA:21,52
DA:22,52
DA:23,52
DA:25,52
DA:26,14
DA:29,14
DA:30,14
DA:31,14
DA:32,14
DA:33,14
DA:34,11
DA:35,11
DA:36,11
DA:37,11
DA:40,1
DA:41,1
DA:43,12
DA:47,14
DA:48,14
DA:51,52
DA:52,1
DA:53,1
DA:56,52
DA:57,33
DA:58,33
DA:59,12
DA:60,24
DA:65,52
DA:84,12
DA:92,208
DA:95,1
DA:128,80
DA:141,0
DA:149,1
LF:40
LH:39
BRDA:32,0,0,1
BRDA:32,0,1,13
BRDA:34,1,0,11
BRDA:34,1,1,0
BRDA:35,2,0,11
BRDA:35,2,1,0
BRDA:36,3,0,11
BRDA:36,3,1,0
BRDA:37,4,0,11
BRDA:37,4,1,0
BRDA:40,5,0,1
BRDA:40,5,1,0
BRDA:40,6,0,1
BRDA:40,6,1,0
BRDA:43,7,0,12
BRDA:43,7,1,0
BRDA:58,8,0,21
BRDA:58,8,1,12
BRDA:60,9,0,24
BRDA:60,9,1,14
BRDA:60,10,0,24
BRDA:60,10,1,0
BRDA:61,11,0,14
BRDA:61,11,1,0
BRDA:97,12,0,52
BRDA:97,12,1,156
BRDA:108,13,0,52
BRDA:108,13,1,26
BRDA:114,14,0,52
BRDA:114,14,1,26
BRDA:114,14,2,1
BRDA:120,15,0,52
BRDA:120,15,1,26
BRDA:120,15,2,25
BRDA:120,15,3,7
BRDA:122,16,0,3
BRDA:122,16,1,4
BRDA:126,17,0,52
BRDA:126,17,1,26
BRDA:126,17,2,25
BRDA:126,17,3,18
BRDA:134,18,0,52
BRDA:134,18,1,26
BRDA:134,18,2,25
BRDA:134,18,3,5
BRF:45
BRH:36
end_of_record
TN:
SF:src\pages\Messages.jsx
FN:7,Messages
FN:11,(anonymous_1)
FN:12,load
FN:51,(anonymous_3)
FNF:4
FNH:4
FNDA:5,Messages
FNDA:3,(anonymous_1)
FNDA:3,load
FNDA:1,(anonymous_3)
DA:8,5
DA:9,5
DA:11,5
DA:13,3
DA:14,3
DA:15,2
DA:17,2
DA:19,3
DA:22,5
DA:51,1
LF:10
LH:10
BRDA:31,0,0,3
BRDA:31,0,1,2
BRDA:33,1,0,1
BRDA:33,1,1,1
BRDA:60,2,0,1
BRDA:60,2,1,0
BRDA:66,3,0,1
BRDA:66,3,1,0
BRDA:73,4,0,0
BRDA:73,4,1,1
BRF:10
BRH:7
end_of_record
TN:
SF:src\pages\MyRequests.jsx
FN:20,StatusBadge
FN:28,RatingForm
FN:35,(anonymous_2)
FN:67,(anonymous_3)
FN:71,(anonymous_4)
FN:72,(anonymous_5)
FN:73,(anonymous_6)
FN:86,(anonymous_7)
FN:105,RequestRow
FN:140,MyRequests
FN:148,(anonymous_10)
FN:149,load
FN:166,(anonymous_12)
FN:169,(anonymous_13)
FN:169,(anonymous_14)
FN:175,(anonymous_15)
FN:176,(anonymous_16)
FN:222,(anonymous_17)
FN:229,(anonymous_18)
FN:235,(anonymous_19)
FN:253,(anonymous_20)
FN:260,(anonymous_21)
FN:267,(anonymous_22)
FN:279,(anonymous_23)
FNF:24
FNH:3
FNDA:0,StatusBadge
FNDA:0,RatingForm
FNDA:0,(anonymous_2)
FNDA:0,(anonymous_3)
FNDA:0,(anonymous_4)
FNDA:0,(anonymous_5)
FNDA:0,(anonymous_6)
FNDA:0,(anonymous_7)
FNDA:0,RequestRow
FNDA:7,MyRequests
FNDA:4,(anonymous_10)
FNDA:4,load
FNDA:0,(anonymous_12)
FNDA:0,(anonymous_13)
FNDA:0,(anonymous_14)
FNDA:0,(anonymous_15)
FNDA:0,(anonymous_16)
FNDA:0,(anonymous_17)
FNDA:0,(anonymous_18)
FNDA:0,(anonymous_19)
FNDA:0,(anonymous_20)
FNDA:0,(anonymous_21)
FNDA:0,(anonymous_22)
FNDA:0,(anonymous_23)
DA:8,1
DA:14,1
DA:21,0
DA:29,0
DA:30,0
DA:31,0
DA:32,0
DA:33,0
DA:35,0
DA:36,0
DA:37,0
DA:38,0
DA:39,0
DA:40,0
DA:41,0
DA:47,0
DA:49,0
DA:51,0
DA:55,0
DA:67,0
DA:71,0
DA:72,0
DA:73,0
DA:86,0
DA:106,0
DA:141,7
DA:142,7
DA:143,7
DA:144,7
DA:145,7
DA:146,7
DA:148,7
DA:150,4
DA:151,4
DA:155,2
DA:156,2
DA:158,1
DA:160,3
DA:163,4
DA:166,7
DA:167,0
DA:168,0
DA:169,0
DA:170,0
DA:171,0
DA:175,7
DA:176,0
DA:177,0
DA:180,7
DA:181,4
DA:188,3
DA:222,0
DA:229,0
DA:235,0
DA:253,0
DA:260,0
DA:267,0
DA:279,0
LF:58
LH:21
BRDA:22,0,0,0
BRDA:22,0,1,0
BRDA:23,1,0,0
BRDA:23,1,1,0
BRDA:37,2,0,0
BRDA:37,2,1,0
BRDA:45,3,0,0
BRDA:45,3,1,0
BRDA:49,4,0,0
BRDA:49,4,1,0
BRDA:78,5,0,0
BRDA:78,5,1,0
BRDA:78,6,0,0
BRDA:78,6,1,0
BRDA:92,7,0,0
BRDA:92,7,1,0
BRDA:99,8,0,0
BRDA:99,8,1,0
BRDA:112,9,0,0
BRDA:112,9,1,0
BRDA:116,10,0,0
BRDA:116,10,1,0
BRDA:121,11,0,0
BRDA:121,11,1,0
BRDA:123,12,0,0
BRDA:123,12,1,0
BRDA:129,13,0,0
BRDA:129,13,1,0
BRDA:169,14,0,0
BRDA:169,14,1,0
BRDA:170,15,0,0
BRDA:170,15,1,0
BRDA:180,16,0,4
BRDA:180,16,1,3
BRDA:197,17,0,3
BRDA:197,17,1,1
BRDA:207,18,0,7
BRDA:207,18,1,0
BRDA:213,19,0,7
BRDA:213,19,1,0
BRDA:219,20,0,3
BRDA:219,20,1,0
BRDA:226,21,0,0
BRDA:226,21,1,0
BRDA:250,22,0,3
BRDA:250,22,1,0
BRDA:258,23,0,0
BRDA:258,23,1,0
BRDA:265,24,0,0
BRDA:265,24,1,0
BRDA:265,25,0,0
BRDA:265,25,1,0
BRDA:265,25,2,0
BRDA:265,25,3,0
BRDA:276,26,0,0
BRDA:276,26,1,0
BRF:56
BRH:8
end_of_record
TN:
SF:src\pages\UserProfile.jsx
FN:11,UserProfile
FN:38,(anonymous_1)
FN:41,(anonymous_2)
FN:44,load
FN:62,(anonymous_4)
FN:65,(anonymous_5)
FN:74,(anonymous_6)
FN:79,(anonymous_7)
FN:86,(anonymous_8)
FN:107,(anonymous_9)
FN:127,(anonymous_10)
FN:220,(anonymous_11)
FN:230,(anonymous_12)
FN:244,(anonymous_13)
FN:253,(anonymous_14)
FN:295,(anonymous_15)
FN:299,(anonymous_16)
FN:300,(anonymous_17)
FN:301,(anonymous_18)
FN:321,(anonymous_19)
FN:363,(anonymous_20)
FN:370,(anonymous_21)
FNF:22
FNH:13
FNDA:24,UserProfile
FNDA:1,(anonymous_1)
FNDA:10,(anonymous_2)
FNDA:10,load
FNDA:10,(anonymous_4)
FNDA:1,(anonymous_5)
FNDA:0,(anonymous_6)
FNDA:0,(anonymous_7)
FNDA:0,(anonymous_8)
FNDA:1,(anonymous_9)
FNDA:1,(anonymous_10)
FNDA:0,(anonymous_11)
FNDA:0,(anonymous_12)
FNDA:0,(anonymous_13)
FNDA:0,(anonymous_14)
FNDA:35,(anonymous_15)
FNDA:1,(anonymous_16)
FNDA:1,(anonymous_17)
FNDA:0,(anonymous_18)
FNDA:0,(anonymous_19)
FNDA:1,(anonymous_20)
FNDA:5,(anonymous_21)
DA:12,24
DA:13,24
DA:14,24
DA:16,24
DA:17,24
DA:18,24
DA:19,24
DA:21,24
DA:22,24
DA:23,24
DA:24,24
DA:25,24
DA:26,24
DA:27,24
DA:28,24
DA:30,24
DA:31,24
DA:32,24
DA:33,24
DA:34,24
DA:35,24
DA:37,24
DA:38,1
DA:41,24
DA:42,10
DA:45,10
DA:46,10
DA:50,8
DA:51,8
DA:52,8
DA:55,1
DA:57,9
DA:61,10
DA:62,10
DA:65,24
DA:66,1
DA:67,1
DA:68,1
DA:69,1
DA:70,1
DA:71,1
DA:74,24
DA:75,0
DA:76,0
DA:79,24
DA:80,0
DA:81,0
DA:82,0
DA:83,0
DA:86,24
DA:87,0
DA:88,0
DA:89,0
DA:90,0
DA:91,0
DA:92,0
DA:93,0
DA:94,0
DA:95,0
DA:96,0
DA:97,0
DA:98,0
DA:99,0
DA:101,0
DA:103,0
DA:107,24
DA:108,1
DA:109,1
DA:110,1
DA:111,1
DA:112,1
DA:113,1
DA:114,1
DA:115,1
DA:116,1
DA:117,1
DA:118,1
DA:120,0
DA:122,1
DA:126,24
DA:127,1
DA:130,24
DA:131,10
DA:138,14
DA:139,1
DA:146,13
DA:220,0
DA:230,0
DA:244,0
DA:253,0
DA:295,35
DA:299,1
DA:300,1
DA:301,0
DA:321,0
DA:363,1
DA:370,5
LF:97
LH:69
BRDA:37,0,0,22
BRDA:37,0,1,2
BRDA:50,1,0,8
BRDA:50,1,1,0
BRDA:55,2,0,1
BRDA:55,2,1,0
BRDA:57,3,0,9
BRDA:57,3,1,0
BRDA:67,4,0,1
BRDA:67,4,1,0
BRDA:81,5,0,0
BRDA:81,5,1,0
BRDA:94,6,0,0
BRDA:94,6,1,0
BRDA:101,7,0,0
BRDA:101,7,1,0
BRDA:109,8,0,0
BRDA:109,8,1,1
BRDA:120,9,0,0
BRDA:120,9,1,0
BRDA:126,10,0,1
BRDA:126,10,1,23
BRDA:130,11,0,10
BRDA:130,11,1,14
BRDA:138,12,0,1
BRDA:138,12,1,13
BRDA:138,13,0,14
BRDA:138,13,1,13
BRDA:141,14,0,1
BRDA:141,14,1,0
BRDA:156,15,0,13
BRDA:156,15,1,3
BRDA:156,15,2,2
BRDA:165,16,0,24
BRDA:165,16,1,10
BRDA:165,16,2,9
BRDA:183,17,0,24
BRDA:183,17,1,0
BRDA:188,18,0,24
BRDA:188,18,1,1
BRDA:196,19,0,24
BRDA:196,19,1,13
BRDA:201,20,0,24
BRDA:201,20,1,13
BRDA:210,21,0,24
BRDA:210,21,1,1
BRDA:239,22,0,0
BRDA:239,22,1,1
BRDA:263,23,0,1
BRDA:263,23,1,0
BRDA:273,24,0,0
BRDA:273,24,1,1
BRDA:286,25,0,24
BRDA:286,25,1,10
BRDA:286,25,2,9
BRDA:286,25,3,8
BRDA:286,25,4,7
BRDA:307,26,0,15
BRDA:307,26,1,20
BRDA:307,27,0,35
BRDA:307,27,1,20
BRDA:328,28,0,7
BRDA:328,28,1,0
BRDA:334,29,0,7
BRDA:334,29,1,6
BRDA:337,30,0,1
BRDA:337,30,1,6
BRDA:342,31,0,24
BRDA:342,31,1,1
BRDA:348,32,0,24
BRDA:348,32,1,1
BRDA:348,32,2,1
BRDA:356,33,0,24
BRDA:356,33,1,1
BRDA:359,34,0,12
BRDA:359,34,1,1
BRDA:367,35,0,1
BRDA:367,35,1,1
BRDA:374,36,0,4
BRDA:374,36,1,1
BRDA:379,37,0,1
BRDA:379,37,1,0
BRF:82
BRH:62
end_of_record
TN:
SF:src\routes\index.jsx
FNF:0
FNH:0
DA:20,0
LF:1
LH:0
BRF:0
BRH:0
end_of_record
TN:
SF:src\services\api.js
FN:9,(anonymous_0)
FN:17,(anonymous_1)
FN:18,(anonymous_2)
FN:19,(anonymous_3)
FN:20,(anonymous_4)
FN:21,(anonymous_5)
FN:23,(anonymous_6)
FN:24,(anonymous_7)
FN:26,(anonymous_8)
FN:27,(anonymous_9)
FN:28,(anonymous_10)
FN:29,(anonymous_11)
FN:30,(anonymous_12)
FN:31,(anonymous_13)
FN:33,(anonymous_14)
FN:34,(anonymous_15)
FN:35,(anonymous_16)
FN:37,(anonymous_17)
FN:38,(anonymous_18)
FN:39,(anonymous_19)
FN:40,(anonymous_20)
FN:42,(anonymous_21)
FN:43,(anonymous_22)
FN:45,(anonymous_23)
FN:46,(anonymous_24)
FN:49,(anonymous_25)
FN:50,(anonymous_26)
FN:51,(anonymous_27)
FN:53,(anonymous_28)
FN:54,(anonymous_29)
FN:55,(anonymous_30)
FNF:31
FNH:12
FNDA:0,(anonymous_0)
FNDA:1,(anonymous_1)
FNDA:1,(anonymous_2)
FNDA:1,(anonymous_3)
FNDA:1,(anonymous_4)
FNDA:1,(anonymous_5)
FNDA:1,(anonymous_6)
FNDA:0,(anonymous_7)
FNDA:1,(anonymous_8)
FNDA:1,(anonymous_9)
FNDA:1,(anonymous_10)
FNDA:0,(anonymous_11)
FNDA:0,(anonymous_12)
FNDA:1,(anonymous_13)
FNDA:0,(anonymous_14)
FNDA:0,(anonymous_15)
FNDA:0,(anonymous_16)
FNDA:0,(anonymous_17)
FNDA:0,(anonymous_18)
FNDA:0,(anonymous_19)
FNDA:0,(anonymous_20)
FNDA:1,(anonymous_21)
FNDA:1,(anonymous_22)
FNDA:0,(anonymous_23)
FNDA:0,(anonymous_24)
FNDA:0,(anonymous_25)
FNDA:0,(anonymous_26)
FNDA:0,(anonymous_27)
FNDA:0,(anonymous_28)
FNDA:0,(anonymous_29)
FNDA:0,(anonymous_30)
DA:3,1
DA:5,1
DA:9,1
DA:10,0
DA:11,0
DA:12,0
DA:14,0
DA:17,1
DA:18,1
DA:19,1
DA:20,1
DA:21,1
DA:23,1
DA:24,1
DA:26,1
DA:27,1
DA:28,1
DA:29,1
DA:30,1
DA:31,1
DA:33,1
DA:34,1
DA:35,1
DA:37,1
DA:38,1
DA:39,1
DA:40,1
DA:42,1
DA:43,1
DA:45,1
DA:46,1
DA:49,1
DA:50,1
DA:51,1
DA:53,1
DA:54,1
DA:55,1
LF:37
LH:33
BRDA:11,0,0,0
BRDA:11,0,1,0
BRF:2
BRH:0
end_of_record
